<?xml version="1.0" encoding="UTF-8" ?>
<testsuite errors="0" failures="0" hostname="Test-PC" name="all_staging_test_runs.EDWASB_Prepare_for_Self_Certification_Staging" skipped="0" tests="1" time="16.32" timestamp="2016-05-05T19:48:35">
  <properties>
    <property name="java.vendor" value="Oracle Corporation" />
    <property name="env.DEFLOGDIR" value="C:\ProgramData\McAfee\DesktopProtection" />
    <property name="sun.java.launcher" value="SUN_STANDARD" />
    <property name="sun.management.compiler" value="HotSpot 64-Bit Tiered Compilers" />
    <property name="env.UOIPME_REG_PATH" value="C:\Program Files\Intel Corporation\USB over IP" />
    <property name="env.PROMPT" value="$P$G" />
    <property name="os.name" value="Windows 7" />
    <property name="env.FP_NO_HOST_CHECK" value="NO" />
    <property name="sun.boot.class.path" value="C:\Program Files\Java\jdk1.8.0_77\jre\lib\resources.jar;C:\Program Files\Java\jdk1.8.0_77\jre\lib\rt.jar;C:\Program Files\Java\jdk1.8.0_77\jre\lib\sunrsasign.jar;C:\Program Files\Java\jdk1.8.0_77\jre\lib\jsse.jar;C:\Program Files\Java\jdk1.8.0_77\jre\lib\jce.jar;C:\Program Files\Java\jdk1.8.0_77\jre\lib\charsets.jar;C:\Program Files\Java\jdk1.8.0_77\jre\lib\jfr.jar;C:\Program Files\Java\jdk1.8.0_77\jre\classes" />
    <property name="env.COMPUTERNAME" value="TEST-PC" />
    <property name="env.CommonProgramW6432" value="C:\Program Files\Common Files" />
    <property name="env.ALLUSERSPROFILE" value="C:\ProgramData" />
    <property name="sun.desktop" value="windows" />
    <property name="java.vm.specification.vendor" value="Oracle Corporation" />
    <property name="ant.home" value="C:\apache-ant-1.9.6" />
    <property name="java.runtime.version" value="1.8.0_77-b03" />
    <property name="env.HOMEPATH" value="\Users\Derec Nguni" />
    <property name="user.name" value="Derec Nguni" />
    <property name="user.language" value="en" />
    <property name="env.windows_tracing_flags" value="3" />
    <property name="sun.boot.library.path" value="C:\Program Files\Java\jdk1.8.0_77\jre\bin" />
    <property name="ant.project.default-target" value="build" />
    <property name="ant.project.name" value="SBAONE-STAGING-TEST" />
    <property name="java.version" value="1.8.0_77" />
    <property name="env.PROCESSOR_IDENTIFIER" value="Intel64 Family 6 Model 61 Stepping 4, GenuineIntel" />
    <property name="user.timezone" value="" />
    <property name="env.TEMP" value="C:\Users\DERECN~1\AppData\Local\Temp" />
    <property name="sun.arch.data.model" value="64" />
    <property name="java.endorsed.dirs" value="C:\Program Files\Java\jdk1.8.0_77\jre\lib\endorsed" />
    <property name="env.VSEDEFLOGDIR" value="C:\ProgramData\McAfee\DesktopProtection" />
    <property name="env._JAVACMD" value="C:\Program Files\Java\jdk1.8.0_77\bin\java.exe" />
    <property name="sun.cpu.isalist" value="amd64" />
    <property name="env.HOMEDRIVE" value="C:" />
    <property name="sun.jnu.encoding" value="Cp1252" />
    <property name="file.encoding.pkg" value="sun.io" />
    <property name="ECLIPSE_HOME" value="../../Users/Derec Nguni/Downloads/eclipse-dsl-mars-2-win32-x86_64/eclipse/" />
    <property name="file.separator" value="\" />
    <property name="java.specification.name" value="Java Platform API Specification" />
    <property name="java.class.version" value="52.0" />
    <property name="user.country" value="US" />
    <property name="java.home" value="C:\Program Files\Java\jdk1.8.0_77\jre" />
    <property name="env.PSModulePath" value="C:\Windows\system32\WindowsPowerShell\v1.0\Modules\" />
    <property name="env.APPDATA" value="C:\Users\Derec Nguni\AppData\Roaming" />
    <property name="env.PUBLIC" value="C:\Users\Public" />
    <property name="env.windows_tracing_logfile" value="C:\BVTBin\Tests\installpackage\csilogfile.log" />
    <property name="java.vm.info" value="mixed mode" />
    <property name="env.ComSpec" value="C:\Windows\system32\cmd.exe" />
    <property name="env.OS" value="Windows_NT" />
    <property name="env.CommonProgramFiles" value="C:\Program Files\Common Files" />
    <property name="ant.file" value="C:\SBA-AUTOMATION-TEST\SBAONE-STAGING-TEST\build.xml" />
    <property name="os.version" value="6.1" />
    <property name="env.ProgramW6432" value="C:\Program Files" />
    <property name="env._USE_CLASSPATH" value="no" />
    <property name="ant.file.SBAONE-STAGING-TEST" value="C:\SBA-AUTOMATION-TEST\SBAONE-STAGING-TEST\build.xml" />
    <property name="ant.file.type.SBAONE-STAGING-TEST" value="file" />
    <property name="env.=::" value="::\" />
    <property name="path.separator" value=";" />
    <property name="java.vm.version" value="25.77-b03" />
    <property name="user.variant" value="" />
    <property name="env.USERPROFILE" value="C:\Users\Derec Nguni" />
    <property name="ant.library.dir" value="C:\apache-ant-1.9.6\lib" />
    <property name="junit.output.dir" value="junit" />
    <property name="env.JAVA_HOME" value="C:\Program Files\Java\jdk1.8.0_77" />
    <property name="java.awt.printerjob" value="sun.awt.windows.WPrinterJob" />
    <property name="env.TMP" value="C:\Users\DERECN~1\AppData\Local\Temp" />
    <property name="sun.io.unicode.encoding" value="UnicodeLittle" />
    <property name="awt.toolkit" value="sun.awt.windows.WToolkit" />
    <property name="sun.stdout.encoding" value="cp437" />
    <property name="user.script" value="" />
    <property name="user.home" value="C:\Users\Derec Nguni" />
    <property name="target" value="1.8" />
    <property name="env.ProgramData" value="C:\ProgramData" />
    <property name="env.SESSIONNAME" value="Console" />
    <property name="env.ProgramFiles(x86)" value="C:\Program Files (x86)" />
    <property name="java.specification.vendor" value="Oracle Corporation" />
    <property name="env.NUMBER_OF_PROCESSORS" value="4" />
    <property name="java.library.path" value="C:\Program Files\Java\jdk1.8.0_77\jre\bin;C:\Windows\Sun\Java\bin;C:\Windows\system32;C:\Windows;C:\Program Files\Sierra Wireless Inc\Skylight\;C:\Program Files\Sierra Wireless Inc\Common\;C:\ProgramData\Oracle\Java\javapath;C:\Program Files (x86)\Intel\iCLS Client\;C:\Program Files\Intel\iCLS Client\;C:\Windows\system32;C:\Windows;C:\Windows\System32\Wbem;C:\Windows\System32\WindowsPowerShell\v1.0\;C:\Program Files\Intel\WiFi\bin\;C:\Program Files\Common Files\Intel\WirelessCommon\;C:\Program Files\Intel\Intel(R) Management Engine Components\DAL;C:\Program Files (x86)\Intel\Intel(R) Management Engine Components\DAL;C:\Program Files\Intel\Intel(R) Management Engine Components\IPT;C:\Program Files (x86)\Intel\Intel(R) Management Engine Components\IPT;C:\Program Files\Java\jdk1.8.0_77\bin;C:\Users\Derec Nguni\Downloads\eclipse-committers-mars-2-win32-x86_64\eclipse\plugins\org.apache.ant_1.9.6.v201510161327\bin;C:\apache-maven-3.3.3\bin;C:\HashiCorp\Vagrant\bin;C:\Program Files\Amazon\AWSCLI\;c:\Program Files\Git\bin;C:\Program Files (x86)\GitExtensions\;." />
    <property name="java.vendor.url" value="http://java.oracle.com/" />
    <property name="java.vm.vendor" value="Oracle Corporation" />
    <property name="java.runtime.name" value="Java(TM) SE Runtime Environment" />
    <property name="ant.version" value="Apache Ant(TM) version 1.9.6 compiled on June 29 2015" />
    <property name="java.class.path" value="C:\SBA-AUTOMATION-TEST\SBAONE-STAGING-TEST\bin;C:\SBA-AUTOMATION-TEST\SBAONE-STAGING-TEST\libs\junit-4.10.jar;C:\SBA-AUTOMATION-TEST\SBAONE-STAGING-TEST\libs\poi-3.11-20141221.jar;C:\SBA-AUTOMATION-TEST\SBAONE-STAGING-TEST\libs\poi-examples-3.11-20141221.jar;C:\SBA-AUTOMATION-TEST\SBAONE-STAGING-TEST\libs\poi-excelant-3.11-20141221.jar;C:\SBA-AUTOMATION-TEST\SBAONE-STAGING-TEST\libs\poi-ooxml-3.11-20141221.jar;C:\SBA-AUTOMATION-TEST\SBAONE-STAGING-TEST\libs\poi-ooxml-schemas-3.11-20141221.jar;C:\SBA-AUTOMATION-TEST\SBAONE-STAGING-TEST\libs\poi-scratchpad-3.11-20141221.jar;C:\SBA-AUTOMATION-TEST\SBAONE-STAGING-TEST\libs\selenium-java-2.53.0-srcs.jar;C:\SBA-AUTOMATION-TEST\SBAONE-STAGING-TEST\libs\selenium-java-2.53.0.jar;C:\SBA-AUTOMATION-TEST\SBAONE-STAGING-TEST\libs\selenium-server-standalone-2.53.0.jar;C:\apache-ant-1.9.6\lib\ant-launcher.jar;C:\apache-ant-1.9.6\lib\ant.jar;C:\apache-ant-1.9.6\lib\ant-junit.jar;C:\apache-ant-1.9.6\lib\ant-junit4.jar" />
    <property name="sun.java.command" value="org.apache.tools.ant.taskdefs.optional.junit.JUnitTestRunner all_staging_test_runs.EDWASB_Prepare_for_Self_Certification_Staging skipNonTests=false filtertrace=true haltOnError=false haltOnFailure=false formatter=org.apache.tools.ant.taskdefs.optional.junit.OutErrSummaryJUnitResultFormatter showoutput=false outputtoformatters=true logfailedtests=true threadid=0 logtestlistenerevents=false formatter=org.apache.tools.ant.taskdefs.optional.junit.XMLJUnitResultFormatter,C:\SBA-AUTOMATION-TEST\SBAONE-STAGING-TEST\junit\TEST-all_staging_test_runs.EDWASB_Prepare_for_Self_Certification_Staging.xml crashfile=C:\SBA-AUTOMATION-TEST\SBAONE-STAGING-TEST\junitvmwatcher6213257024942782082.properties propsfile=C:\SBA-AUTOMATION-TEST\SBAONE-STAGING-TEST\junit6578160412586029574.properties" />
    <property name="java.vm.specification.name" value="Java Virtual Machine Specification" />
    <property name="ant.file.type" value="file" />
    <property name="env.LOGONSERVER" value="\\TEST-PC" />
    <property name="env.windir" value="C:\Windows" />
    <property name="env.PROCESSOR_ARCHITECTURE" value="AMD64" />
    <property name="java.vm.specification.version" value="1.8" />
    <property name="sun.cpu.endian" value="little" />
    <property name="sun.os.patch.level" value="Service Pack 1" />
    <property name="debuglevel" value="source,lines,vars" />
    <property name="env.ProgramFiles" value="C:\Program Files" />
    <property name="env.ANT_HOME" value="C:\apache-ant-1.9.6" />
    <property name="java.io.tmpdir" value="C:\Users\DERECN~1\AppData\Local\Temp\" />
    <property name="env.PROCESSOR_REVISION" value="3d04" />
    <property name="env.CommonProgramFiles(x86)" value="C:\Program Files (x86)\Common Files" />
    <property name="java.vendor.url.bug" value="http://bugreport.sun.com/bugreport/" />
    <property name="env.SystemRoot" value="C:\Windows" />
    <property name="java.awt.graphicsenv" value="sun.awt.Win32GraphicsEnvironment" />
    <property name="env.ANT_CMD_LINE_ARGS" value=" build Am_I_Eligibles_Scenario_1_EDWOB_Possitive_Staging Am_I_Eligible_Csenario2_Staging Am_I_Eligible_Scenario10_Staging Am_I_Eligible_Scenario11_Staging Am_I_Eligible_Scenario3_Staging Am_I_Eligible_Scenario4_Staging Am_I_Eligible_Scenario5_Staging Analyst_search_View_vendors_Record_Staging Edith_Password2_Staging Edith_Password_Staging EDWASB_Prepare_for_Self_Certification_Staging EDWOSB_Other_Real_State_US649_FM_Staging Eight_A_Self_Certify_Answer_Question_and_Attached_Documents_US438_Staging Login_Regression_Test Regression_Test_Iteration11_A_B_C_and12_Staging US402_EDWOSB_Self_Certifies_Questionnaire_Staging &quot;US788_Collapse_Navigation_Pane_Corp_EDWOSB (2)&quot; &quot;US788_Collapse_Navigation_Pane_LLC_WOSB (2)&quot; junitreport" />
    <property name="os.arch" value="amd64" />
    <property name="java.ext.dirs" value="C:\Program Files\Java\jdk1.8.0_77\jre\lib\ext;C:\Windows\Sun\Java\lib\ext" />
    <property name="env.LOCALAPPDATA" value="C:\Users\Derec Nguni\AppData\Local" />
    <property name="user.dir" value="C:\SBA-AUTOMATION-TEST\SBAONE-STAGING-TEST" />
    <property name="env.MAVEN_HOME" value="C:\apache-maven-3.3.3" />
    <property name="line.separator" value="&#xd;&#xa;" />
    <property name="java.vm.name" value="Java HotSpot(TM) 64-Bit Server VM" />
    <property name="env.PATHEXT" value=".COM;.EXE;.BAT;.CMD;.VBS;.VBE;.JS;.JSE;.WSF;.WSH;.MSC" />
    <property name="env.Path" value="C:\Program Files\Sierra Wireless Inc\Skylight\;C:\Program Files\Sierra Wireless Inc\Common\;C:\ProgramData\Oracle\Java\javapath;C:\Program Files (x86)\Intel\iCLS Client\;C:\Program Files\Intel\iCLS Client\;C:\Windows\system32;C:\Windows;C:\Windows\System32\Wbem;C:\Windows\System32\WindowsPowerShell\v1.0\;C:\Program Files\Intel\WiFi\bin\;C:\Program Files\Common Files\Intel\WirelessCommon\;C:\Program Files\Intel\Intel(R) Management Engine Components\DAL;C:\Program Files (x86)\Intel\Intel(R) Management Engine Components\DAL;C:\Program Files\Intel\Intel(R) Management Engine Components\IPT;C:\Program Files (x86)\Intel\Intel(R) Management Engine Components\IPT;C:\Program Files\Java\jdk1.8.0_77\bin;C:\Users\Derec Nguni\Downloads\eclipse-committers-mars-2-win32-x86_64\eclipse\plugins\org.apache.ant_1.9.6.v201510161327\bin;C:\apache-maven-3.3.3\bin;C:\HashiCorp\Vagrant\bin;C:\Program Files\Amazon\AWSCLI\;c:\Program Files\Git\bin;C:\Program Files (x86)\GitExtensions\" />
    <property name="basedir" value="C:\SBA-AUTOMATION-TEST\SBAONE-STAGING-TEST" />
    <property name="ant.java.version" value="1.8" />
    <property name="ant.core.lib" value="C:\apache-ant-1.9.6\lib\ant.jar" />
    <property name="env.USERNAME" value="Derec Nguni" />
    <property name="env.SystemDrive" value="C:" />
    <property name="source" value="1.8" />
    <property name="sun.stderr.encoding" value="cp437" />
    <property name="file.encoding" value="Cp1252" />
    <property name="env.USERDOMAIN" value="Test-PC" />
    <property name="java.specification.version" value="1.8" />
    <property name="env.=C:" value="C:\SBA-AUTOMATION-TEST\SBAONE-STAGING-TEST" />
    <property name="ant.project.invoked-targets" value="build,Am_I_Eligibles_Scenario_1_EDWOB_Possitive_Staging,Am_I_Eligible_Csenario2_Staging,Am_I_Eligible_Scenario10_Staging,Am_I_Eligible_Scenario11_Staging,Am_I_Eligible_Scenario3_Staging,Am_I_Eligible_Scenario4_Staging,Am_I_Eligible_Scenario5_Staging,Analyst_search_View_vendors_Record_Staging,Edith_Password2_Staging,Edith_Password_Staging,EDWASB_Prepare_for_Self_Certification_Staging,EDWOSB_Other_Real_State_US649_FM_Staging,Eight_A_Self_Certify_Answer_Question_and_Attached_Documents_US438_Staging,Login_Regression_Test,Regression_Test_Iteration11_A_B_C_and12_Staging,US402_EDWOSB_Self_Certifies_Questionnaire_Staging,US788_Collapse_Navigation_Pane_Corp_EDWOSB (2),US788_Collapse_Navigation_Pane_LLC_WOSB (2),junitreport" />
    <property name="env.VBOX_MSI_INSTALL_PATH" value="C:\Program Files\Oracle\VirtualBox\" />
    <property name="env.PROCESSOR_LEVEL" value="6" />
  </properties>
  <testcase classname="all_staging_test_runs.EDWASB_Prepare_for_Self_Certification_Staging" name="WOSB_Prepare_for_Self_Certification_Main_test" time="16.259" />
  <system-out><![CDATA[EDWOSB Prepare for Self-Certification page NOT present
Prepare for Self Certification (EDWOSB)
The following checklists provide guidance on the actions that must be taken and the documentation that must be submitted before you can self-certify as an EDWOSB under the WOSB Program. Click on your business type below to view and print the checklist.
Limited Liability Corporation (LLC) (EDWOSB)
Partnership (EDWOSB)
Sole Proprietorship (EDWOSB)
Corporation and S Corporation (EDWOSB)
01-LLC
If you are seeking to qualify as an EDWOSB and your business is an LLC, you must complete and submit the following:
Active registration in the System for Award Management, available at SAM.gov(Note: The concern’s DUNS number and EIN must exactly match SAM registration)
Proof of US citizenship (birth certificate, naturalization paper, or unexpired passport) for owners who are women
A copy of the LLC’s articles of organization (also referred to as certificate of organization, or articles of formation), and any amendments
A copy of the LLC’s operating agreement, and any amendments
A copy of the LLC’s assumed/fictitious name certificate, if applicable
A copy of any joint venture agreements, if applicable
A completed and signed IRS Form 4506-T, Request for Tax Transcript, for each woman claiming economic disadvantage and for each such woman’s spouse(*Note)
Copies of the three most recent personal income tax returns (including all schedules), as well as the three most recent W-2’s, for each woman claiming economic disadvantage and each such woman’s spouse (unless they are legally separated)
Supporting documentation showing the following for each woman claiming economic disadvantage: all assets (including cash on hand and in banks, accounts and notes receivable, retirement accounts, stocks, bonds, real estate, personal property, life insurance, and any other assets), liabilities (such as loans, mortgages, tax debts, and any other liabilities), and income (including salary, investment income, real estate income, and any other income),
A signed copy of the Women-Owned Small Business Program Certification for EDWOSBs
*Note: SBA may consider a spouse’s financial situation in determining whether a woman is economically disadvantaged where the spouse has a role in the business (e.g., an officer, employee or director) or has lent money to, provided credit or financial support to, or guaranteed a loan of the business. 13 C.F.R. 127.203(c)(2)
More Details: 13 C.F.R. 127.300(e)(8)
Registration link Present
02-Partnership
If you are seeking to qualify as an EDWOSB and your business is an LLC, you must complete and submit the following:
Active registration in the System for Award Management, available at SAM.gov(Note: The concern’s DUNS number and EIN must exactly match SAM registration)
Proof of US citizenship (birth certificate, naturalization paper, or unexpired passport) for owners who are women
A copy of the LLC’s articles of organization (also referred to as certificate of organization, or articles of formation), and any amendments
A copy of the LLC’s operating agreement, and any amendments
A copy of the LLC’s assumed/fictitious name certificate, if applicable
A copy of any joint venture agreements, if applicable
A completed and signed IRS Form 4506-T, Request for Tax Transcript, for each woman claiming economic disadvantage and for each such woman’s spouse(*Note)
Copies of the three most recent personal income tax returns (including all schedules), as well as the three most recent W-2’s, for each woman claiming economic disadvantage and each such woman’s spouse (unless they are legally separated)
Supporting documentation showing the following for each woman claiming economic disadvantage: all assets (including cash on hand and in banks, accounts and notes receivable, retirement accounts, stocks, bonds, real estate, personal property, life insurance, and any other assets), liabilities (such as loans, mortgages, tax debts, and any other liabilities), and income (including salary, investment income, real estate income, and any other income),
A signed copy of the Women-Owned Small Business Program Certification for EDWOSBs
*Note: SBA may consider a spouse’s financial situation in determining whether a woman is economically disadvantaged where the spouse has a role in the business (e.g., an officer, employee or director) or has lent money to, provided credit or financial support to, or guaranteed a loan of the business. 13 C.F.R. 127.203(c)(2)
More Details: 13 C.F.R. 127.300(e)(8)
Registration link Present
03-Sole Proprietorship
If you are seeking to qualify as an EDWOSB and your business is a Sole Proprietorship, you must complete and submit the following:
Active registration in the System for Award Management, available at SAM.gov(Note: The concern’s DUNS number and EIN must exactly match SAM registration)
Proof of US citizenship (birth certificate, naturalization paper, or unexpired passport) for owners who are women
A copy of the sole proprietorship’s assumed/fictitious name certificate
A completed and signed IRS Form 4506-T, Request for Tax Transcript, for each woman claiming economic disadvantage and for each such woman’s spouse(*Note)
Copies of the three most recent personal income tax returns (including all schedules), as well as the three most recent W-2’s, for each woman claiming economic disadvantage and each such woman’s spouse (unless they are legally separated)Supporting documentation showing the following for each woman claiming economic disadvantage: all assets (including cash on hand and in banks, accounts and notes receivable, retirement accounts, stocks, bonds, real estate, personal property, life insurance, and any other assets), liabilities (such as loans, mortgages, tax debts, and any other liabilities), and income (including salary, investment income, real estate income, and any other income), A signed copy of the Women-Owned Small Business Program Certification for EDWOSBs
*Note: SBA may consider a spouse’s financial situation in determining whether a woman is economically disadvantaged where the spouse has a role in the business (e.g., an officer, employee or director) or has lent money to, provided credit or financial support to, or guaranteed a loan of the business. 13 C.F.R. 127.203(c)(2)
More Details: 13C.F.R. 127.300(e)(8)
Registration link Present
04-Corporation and S-Corporation
If you are seeking to qualify as an EDWOSB and your business is a Corporation or S Corporation, you must complete and submit the following:
Active registration in the System for Award Management, available at SAM.gov(Note: The concern’s DUNS number and EIN must exactly match SAM registration)
Proof of US citizenship (birth certificate, naturalization paper, or unexpired passport) for owners who are women
A copy of the corporation’s articles of incorporation, and any amendments
A copy of the corporation’s by-laws, and any amendments
Copies of all issued stock certificates, including copies of the front and back, signed in accordance with the by-laws (Note: This also applies to all cancelled stock certificates)
A copy of the corporation’s stock ledger
A copy of any voting agreements, if applicable
A copy of the corporation’s assumed/fictitious name certificate, if applicable
A copy of any joint venture agreements, if applicable
A completed and signed IRS Form 4506-T, Request for Tax Transcript, for each woman claiming economic disadvantage and for each such woman’s spouse(*Note)
Copies of the three most recent personal income tax returns (including all schedules), as well as the three most recent W-2’s, for each woman claiming economic disadvantage and each such woman’s spouse (unless they are legally separated)
Supporting documentation showing the following for each woman claiming economic disadvantage: all assets (including cash on hand and in banks, accounts and notes receivable, retirement accounts, stocks, bonds, real estate, personal property, life insurance, and any other assets), liabilities (such as loans, mortgages, tax debts, and any other liabilities), and income (including salary, investment income, real estate income, and any other income)
A signed copy of the Women-Owned Small Business Program Certification for EDWOSBs
*Note: SBA may consider a spouse’s financial situation in determining whether a woman is economically disadvantaged where the spouse has a role in the business (e.g., an officer, employee or director) or has lent money to, provided credit or financial support to, or guaranteed a loan of the business. 13 C.F.R. 127.203(c)(2)
More Details: 13 C.F.R. 127.300(e)(8)
Registration link Present
]]></system-out>
  <system-err><![CDATA[]]></system-err>
</testsuite>
