<?xml version="1.0" encoding="UTF-8" ?>
<testsuite errors="0" failures="0" hostname="Test-PC" name="all_production_test.US870_STRETCH_WOSB_Self_Certifies_Add_Tax_Attachments" skipped="0" tests="1" time="81.213" timestamp="2016-04-29T12:45:15">
  <properties>
    <property name="java.vendor" value="Oracle Corporation" />
    <property name="env.DEFLOGDIR" value="C:\ProgramData\McAfee\DesktopProtection" />
    <property name="sun.java.launcher" value="SUN_STANDARD" />
    <property name="eclipse.pdebuild.templates" value="/C:/Users/Derec Nguni/Downloads/eclipse-dsl-mars-2-win32-x86_64/eclipse/plugins/org.eclipse.pde.build_3.9.100.v20150521-1524/templates/" />
    <property name="sun.management.compiler" value="HotSpot 64-Bit Tiered Compilers" />
    <property name="env.UOIPME_REG_PATH" value="C:\Program Files\Intel Corporation\USB over IP" />
    <property name="env.PROMPT" value="$P$G" />
    <property name="os.name" value="Windows 7" />
    <property name="env.FP_NO_HOST_CHECK" value="NO" />
    <property name="sun.boot.class.path" value="C:\Program Files\Java\jre1.8.0_91\lib\resources.jar;C:\Program Files\Java\jre1.8.0_91\lib\rt.jar;C:\Program Files\Java\jre1.8.0_91\lib\sunrsasign.jar;C:\Program Files\Java\jre1.8.0_91\lib\jsse.jar;C:\Program Files\Java\jre1.8.0_91\lib\jce.jar;C:\Program Files\Java\jre1.8.0_91\lib\charsets.jar;C:\Program Files\Java\jre1.8.0_91\lib\jfr.jar;C:\Program Files\Java\jre1.8.0_91\classes" />
    <property name="env.COMPUTERNAME" value="TEST-PC" />
    <property name="env.CommonProgramW6432" value="C:\Program Files\Common Files" />
    <property name="env.ALLUSERSPROFILE" value="C:\ProgramData" />
    <property name="sun.desktop" value="windows" />
    <property name="java.vm.specification.vendor" value="Oracle Corporation" />
    <property name="ant.home" value="C:\Users\Derec Nguni\Downloads\eclipse-dsl-mars-2-win32-x86_64\eclipse\plugins\org.apache.ant_1.9.6.v201510161327" />
    <property name="java.runtime.version" value="1.8.0_91-b14" />
    <property name="env.HOMEPATH" value="\Users\Derec Nguni" />
    <property name="user.name" value="Derec Nguni" />
    <property name="user.language" value="en" />
    <property name="env.windows_tracing_flags" value="3" />
    <property name="sun.boot.library.path" value="C:\Program Files\Java\jre1.8.0_91\bin" />
    <property name="ant.project.default-target" value="build" />
    <property name="ant.project.name" value="SBAONE-PRODUCTION-TEST" />
    <property name="java.version" value="1.8.0_91" />
    <property name="env.PROCESSOR_IDENTIFIER" value="Intel64 Family 6 Model 61 Stepping 4, GenuineIntel" />
    <property name="user.timezone" value="" />
    <property name="env.TEMP" value="C:\Users\DERECN~1\AppData\Local\Temp" />
    <property name="sun.arch.data.model" value="64" />
    <property name="java.endorsed.dirs" value="C:\Program Files\Java\jre1.8.0_91\lib\endorsed" />
    <property name="env.VSEDEFLOGDIR" value="C:\ProgramData\McAfee\DesktopProtection" />
    <property name="sun.cpu.isalist" value="amd64" />
    <property name="env.HOMEDRIVE" value="C:" />
    <property name="sun.jnu.encoding" value="Cp1252" />
    <property name="file.encoding.pkg" value="sun.io" />
    <property name="ECLIPSE_HOME" value="../../Users/Derec Nguni/Downloads/eclipse-dsl-mars-2-win32-x86_64/eclipse/" />
    <property name="file.separator" value="\" />
    <property name="java.specification.name" value="Java Platform API Specification" />
    <property name="java.class.version" value="52.0" />
    <property name="user.country" value="US" />
    <property name="java.home" value="C:\Program Files\Java\jre1.8.0_91" />
    <property name="env.PSModulePath" value="C:\Windows\system32\WindowsPowerShell\v1.0\Modules\" />
    <property name="env.APPDATA" value="C:\Users\Derec Nguni\AppData\Roaming" />
    <property name="env.PUBLIC" value="C:\Users\Public" />
    <property name="env.windows_tracing_logfile" value="C:\BVTBin\Tests\installpackage\csilogfile.log" />
    <property name="java.vm.info" value="mixed mode" />
    <property name="env.ComSpec" value="C:\Windows\system32\cmd.exe" />
    <property name="env.OS" value="Windows_NT" />
    <property name="env.CommonProgramFiles" value="C:\Program Files\Common Files" />
    <property name="ant.file" value="C:\SBA-AUTOMATION-TEST\SBAONE-PRODUCTION-TEST\build.xml" />
    <property name="os.version" value="6.1" />
    <property name="env.ProgramW6432" value="C:\Program Files" />
    <property name="path.separator" value=";" />
    <property name="java.vm.version" value="25.91-b14" />
    <property name="env.USERPROFILE" value="C:\Users\Derec Nguni" />
    <property name="user.variant" value="" />
    <property name="ant.library.dir" value="C:\Users\Derec Nguni\Downloads\eclipse-dsl-mars-2-win32-x86_64\eclipse\plugins\org.apache.ant_1.9.6.v201510161327\lib" />
    <property name="ant.file.SBAONE-PRODUCTION-TEST" value="C:\SBA-AUTOMATION-TEST\SBAONE-PRODUCTION-TEST\build.xml" />
    <property name="junit.output.dir" value="junit" />
    <property name="env.JAVA_HOME" value="C:\Program Files\Java\jdk1.8.0_77" />
    <property name="java.awt.printerjob" value="sun.awt.windows.WPrinterJob" />
    <property name="env.TMP" value="C:\Users\DERECN~1\AppData\Local\Temp" />
    <property name="sun.io.unicode.encoding" value="UnicodeLittle" />
    <property name="awt.toolkit" value="sun.awt.windows.WToolkit" />
    <property name="user.script" value="" />
    <property name="eclipse.pdebuild.scripts" value="/C:/Users/Derec Nguni/Downloads/eclipse-dsl-mars-2-win32-x86_64/eclipse/plugins/org.eclipse.pde.build_3.9.100.v20150521-1524/scripts/" />
    <property name="user.home" value="C:\Users\Derec Nguni" />
    <property name="target" value="1.8" />
    <property name="env.ProgramData" value="C:\ProgramData" />
    <property name="env.SESSIONNAME" value="Console" />
    <property name="env.ProgramFiles(x86)" value="C:\Program Files (x86)" />
    <property name="java.specification.vendor" value="Oracle Corporation" />
    <property name="java.vendor.url" value="http://java.oracle.com/" />
    <property name="env.NUMBER_OF_PROCESSORS" value="4" />
    <property name="java.library.path" value="C:\Program Files\Java\jre1.8.0_91\bin;C:\Windows\Sun\Java\bin;C:\Windows\system32;C:\Windows;C:/Program Files/Java/jre1.8.0_91/bin/server;C:/Program Files/Java/jre1.8.0_91/bin;C:/Program Files/Java/jre1.8.0_91/lib/amd64;C:\ProgramData\Oracle\Java\javapath;C:\Program Files (x86)\Intel\iCLS Client\;C:\Program Files\Intel\iCLS Client\;C:\Windows\system32;C:\Windows;C:\Windows\System32\Wbem;C:\Windows\System32\WindowsPowerShell\v1.0\;C:\Program Files\Intel\WiFi\bin\;C:\Program Files\Common Files\Intel\WirelessCommon\;C:\Program Files\Intel\Intel(R) Management Engine Components\DAL;C:\Program Files (x86)\Intel\Intel(R) Management Engine Components\DAL;C:\Program Files\Intel\Intel(R) Management Engine Components\IPT;C:\Program Files (x86)\Intel\Intel(R) Management Engine Components\IPT;C:\Program Files\Java\jdk1.8.0_77\bin;C:\Users\Derec Nguni\Downloads\eclipse-committers-mars-2-win32-x86_64\eclipse\plugins\org.apache.ant_1.9.6.v201510161327\bin;C:\apache-maven-3.3.3\bin;C:\HashiCorp\Vagrant\bin;C:\Program Files\Amazon\AWSCLI\;c:\Program Files\Git\bin;C:\Program Files (x86)\GitExtensions\;C:\Users\Derec Nguni\Downloads\eclipse-dsl-mars-2-win32-x86_64\eclipse;;." />
    <property name="java.vm.vendor" value="Oracle Corporation" />
    <property name="java.runtime.name" value="Java(TM) SE Runtime Environment" />
    <property name="ant.version" value="Apache Ant(TM) version 1.9.6 compiled on June 29 2015" />
    <property name="java.class.path" value="C:\SBA-AUTOMATION-TEST\SBAONE-PRODUCTION-TEST\bin;C:\SBA-AUTOMATION-TEST\SBAONE-PRODUCTION-TEST\libs\junit-4.10.jar;C:\SBA-AUTOMATION-TEST\SBAONE-PRODUCTION-TEST\libs\poi-3.11-20141221.jar;C:\SBA-AUTOMATION-TEST\SBAONE-PRODUCTION-TEST\libs\poi-examples-3.11-20141221.jar;C:\SBA-AUTOMATION-TEST\SBAONE-PRODUCTION-TEST\libs\poi-excelant-3.11-20141221.jar;C:\SBA-AUTOMATION-TEST\SBAONE-PRODUCTION-TEST\libs\poi-ooxml-3.11-20141221.jar;C:\SBA-AUTOMATION-TEST\SBAONE-PRODUCTION-TEST\libs\poi-ooxml-schemas-3.11-20141221.jar;C:\SBA-AUTOMATION-TEST\SBAONE-PRODUCTION-TEST\libs\poi-scratchpad-3.11-20141221.jar;C:\SBA-AUTOMATION-TEST\SBAONE-PRODUCTION-TEST\libs\selenium-java-2.53.0-srcs.jar;C:\SBA-AUTOMATION-TEST\SBAONE-PRODUCTION-TEST\libs\selenium-java-2.53.0.jar;C:\SBA-AUTOMATION-TEST\SBAONE-PRODUCTION-TEST\libs\selenium-server-standalone-2.53.0.jar;C:\Users\Derec Nguni\Downloads\eclipse-dsl-mars-2-win32-x86_64\eclipse\plugins\org.apache.ant_1.9.6.v201510161327\lib\ant-launcher.jar;C:\Users\Derec Nguni\Downloads\eclipse-dsl-mars-2-win32-x86_64\eclipse\plugins\org.apache.ant_1.9.6.v201510161327\lib\ant.jar;C:\Users\Derec Nguni\Downloads\eclipse-dsl-mars-2-win32-x86_64\eclipse\plugins\org.apache.ant_1.9.6.v201510161327\lib\ant-junit.jar;C:\Users\Derec Nguni\Downloads\eclipse-dsl-mars-2-win32-x86_64\eclipse\plugins\org.apache.ant_1.9.6.v201510161327\lib\ant-junit4.jar" />
    <property name="sun.java.command" value="org.apache.tools.ant.taskdefs.optional.junit.JUnitTestRunner all_production_test.US870_STRETCH_WOSB_Self_Certifies_Add_Tax_Attachments skipNonTests=false filtertrace=true haltOnError=false haltOnFailure=false formatter=org.apache.tools.ant.taskdefs.optional.junit.OutErrSummaryJUnitResultFormatter showoutput=false outputtoformatters=true logfailedtests=true threadid=0 logtestlistenerevents=false formatter=org.apache.tools.ant.taskdefs.optional.junit.XMLJUnitResultFormatter,C:\SBA-AUTOMATION-TEST\SBAONE-PRODUCTION-TEST\junit\TEST-all_production_test.US870_STRETCH_WOSB_Self_Certifies_Add_Tax_Attachments.xml crashfile=C:\SBA-AUTOMATION-TEST\SBAONE-PRODUCTION-TEST\junitvmwatcher1261148289939229310.properties propsfile=C:\SBA-AUTOMATION-TEST\SBAONE-PRODUCTION-TEST\junit3150170717036332455.properties" />
    <property name="java.vm.specification.name" value="Java Virtual Machine Specification" />
    <property name="env.windir" value="C:\Windows" />
    <property name="env.LOGONSERVER" value="\\TEST-PC" />
    <property name="env.PROCESSOR_ARCHITECTURE" value="AMD64" />
    <property name="java.vm.specification.version" value="1.8" />
    <property name="sun.os.patch.level" value="Service Pack 1" />
    <property name="sun.cpu.endian" value="little" />
    <property name="debuglevel" value="source,lines,vars" />
    <property name="env.ANT_HOME" value="C:\Users\Derec Nguni\Downloads\eclipse-dsl-mars-2-win32-x86_64\eclipse\plugins\org.apache.ant_1.9.6.v201510161327" />
    <property name="env.ProgramFiles" value="C:\Program Files" />
    <property name="env.PROCESSOR_REVISION" value="3d04" />
    <property name="eclipse.pdebuild.home" value="/C:/Users/Derec Nguni/Downloads/eclipse-dsl-mars-2-win32-x86_64/eclipse/plugins/org.eclipse.pde.build_3.9.100.v20150521-1524/./" />
    <property name="java.io.tmpdir" value="C:\Users\DERECN~1\AppData\Local\Temp\" />
    <property name="env.CommonProgramFiles(x86)" value="C:\Program Files (x86)\Common Files" />
    <property name="ant.file.type.SBAONE-PRODUCTION-TEST" value="file" />
    <property name="java.vendor.url.bug" value="http://bugreport.sun.com/bugreport/" />
    <property name="env.SystemRoot" value="C:\Windows" />
    <property name="java.awt.graphicsenv" value="sun.awt.Win32GraphicsEnvironment" />
    <property name="os.arch" value="amd64" />
    <property name="java.ext.dirs" value="C:\Program Files\Java\jre1.8.0_91\lib\ext;C:\Windows\Sun\Java\lib\ext" />
    <property name="env.MAVEN_HOME" value="C:\apache-maven-3.3.3" />
    <property name="env.LOCALAPPDATA" value="C:\Users\Derec Nguni\AppData\Local" />
    <property name="user.dir" value="C:\SBA-AUTOMATION-TEST\SBAONE-PRODUCTION-TEST" />
    <property name="line.separator" value="&#xd;&#xa;" />
    <property name="java.vm.name" value="Java HotSpot(TM) 64-Bit Server VM" />
    <property name="env.PATHEXT" value=".COM;.EXE;.BAT;.CMD;.VBS;.VBE;.JS;.JSE;.WSF;.WSH;.MSC" />
    <property name="env.Path" value="C:/Program Files/Java/jre1.8.0_91/bin/server;C:/Program Files/Java/jre1.8.0_91/bin;C:/Program Files/Java/jre1.8.0_91/lib/amd64;C:\ProgramData\Oracle\Java\javapath;C:\Program Files (x86)\Intel\iCLS Client\;C:\Program Files\Intel\iCLS Client\;C:\Windows\system32;C:\Windows;C:\Windows\System32\Wbem;C:\Windows\System32\WindowsPowerShell\v1.0\;C:\Program Files\Intel\WiFi\bin\;C:\Program Files\Common Files\Intel\WirelessCommon\;C:\Program Files\Intel\Intel(R) Management Engine Components\DAL;C:\Program Files (x86)\Intel\Intel(R) Management Engine Components\DAL;C:\Program Files\Intel\Intel(R) Management Engine Components\IPT;C:\Program Files (x86)\Intel\Intel(R) Management Engine Components\IPT;C:\Program Files\Java\jdk1.8.0_77\bin;C:\Users\Derec Nguni\Downloads\eclipse-committers-mars-2-win32-x86_64\eclipse\plugins\org.apache.ant_1.9.6.v201510161327\bin;C:\apache-maven-3.3.3\bin;C:\HashiCorp\Vagrant\bin;C:\Program Files\Amazon\AWSCLI\;c:\Program Files\Git\bin;C:\Program Files (x86)\GitExtensions\;C:\Users\Derec Nguni\Downloads\eclipse-dsl-mars-2-win32-x86_64\eclipse;" />
    <property name="basedir" value="C:\SBA-AUTOMATION-TEST\SBAONE-PRODUCTION-TEST" />
    <property name="ant.java.version" value="1.8" />
    <property name="ant.core.lib" value="C:\Users\Derec Nguni\Downloads\eclipse-dsl-mars-2-win32-x86_64\eclipse\plugins\org.apache.ant_1.9.6.v201510161327\lib\ant.jar" />
    <property name="env.USERNAME" value="Derec Nguni" />
    <property name="env.SystemDrive" value="C:" />
    <property name="source" value="1.8" />
    <property name="file.encoding" value="Cp1252" />
    <property name="env.USERDOMAIN" value="Test-PC" />
    <property name="java.specification.version" value="1.8" />
    <property name="ant.project.invoked-targets" value="build,Am_I_Eligible_TC1_Scenario8_WOSB_Production_Success,US649_EDWOSB_Other_Real_State_Production,US788_Collapse_Navigation_Pane_Corp_EDWOSB (1),US788_Collapse_Navigation_Pane_LLC_WOSB (1),US855_Improve_Text_Work_In_Progress_From_All_pages (1),US861_SBA_Analyst_View_More_Info_About_Vendor,US862_SBA_Analyst_Cloning_Sends_Certification_Back_to_Vendor (1),US880_User_Support_Passphrase_visible_when_creating_account_or_resetting_my_passphrase (1),US888_Registration_Activate_Submit_Button_use_dialog_for_error_messages (1),Am_I_Eligibles_Scenario_1_EDWOB_Success_Production,Iteration11_A_B_C_and12_Production,US870_STRETCH_WOSB_Self_Certifies_Add_Tax_Attachments (1),junitreport" />
    <property name="env.VBOX_MSI_INSTALL_PATH" value="C:\Program Files\Oracle\VirtualBox\" />
    <property name="env.PROCESSOR_LEVEL" value="6" />
  </properties>
  <testcase classname="all_production_test.US870_STRETCH_WOSB_Self_Certifies_Add_Tax_Attachments" name="US870_STRETCH_WOSB_Self_Certifies_Add_Tax_Attachments_Maintest" time="81.161" />
  <system-out><![CDATA[Text Present, Login page validated. Test Pass
  8(a) question has been answered
  Third Party questions have been answered
Business questions have been answered
  Operations questions have been answered
User is prompted to upload or attech a Tax document, Pass
Attachment was Not successful,Failed
User is able to answer all question and get to the financial statement section, Pass
]]></system-out>
  <system-err><![CDATA[]]></system-err>
</testsuite>
