<?xml version="1.0" encoding="UTF-8" ?>
<testsuite errors="1" failures="0" hostname="Test-PC" name="all_production_test.US855_Improve_Text_Work_In_Progress_From_All_pages" skipped="0" tests="1" time="53.605" timestamp="2016-05-10T13:15:12">
  <properties>
    <property name="java.vendor" value="Oracle Corporation" />
    <property name="env.DEFLOGDIR" value="C:\ProgramData\McAfee\DesktopProtection" />
    <property name="sun.java.launcher" value="SUN_STANDARD" />
    <property name="sun.management.compiler" value="HotSpot 64-Bit Tiered Compilers" />
    <property name="env.UOIPME_REG_PATH" value="C:\Program Files\Intel Corporation\USB over IP" />
    <property name="env.PROMPT" value="$P$G" />
    <property name="os.name" value="Windows 7" />
    <property name="env.FP_NO_HOST_CHECK" value="NO" />
    <property name="sun.boot.class.path" value="C:\Program Files\Java\jdk1.8.0_77\jre\lib\resources.jar;C:\Program Files\Java\jdk1.8.0_77\jre\lib\rt.jar;C:\Program Files\Java\jdk1.8.0_77\jre\lib\sunrsasign.jar;C:\Program Files\Java\jdk1.8.0_77\jre\lib\jsse.jar;C:\Program Files\Java\jdk1.8.0_77\jre\lib\jce.jar;C:\Program Files\Java\jdk1.8.0_77\jre\lib\charsets.jar;C:\Program Files\Java\jdk1.8.0_77\jre\lib\jfr.jar;C:\Program Files\Java\jdk1.8.0_77\jre\classes" />
    <property name="env.COMPUTERNAME" value="TEST-PC" />
    <property name="env.CommonProgramW6432" value="C:\Program Files\Common Files" />
    <property name="env.ALLUSERSPROFILE" value="C:\ProgramData" />
    <property name="sun.desktop" value="windows" />
    <property name="java.vm.specification.vendor" value="Oracle Corporation" />
    <property name="ant.home" value="C:\apache-ant-1.9.6" />
    <property name="java.runtime.version" value="1.8.0_77-b03" />
    <property name="env.HOMEPATH" value="\Users\Derec Nguni" />
    <property name="user.name" value="Derec Nguni" />
    <property name="user.language" value="en" />
    <property name="env.windows_tracing_flags" value="3" />
    <property name="sun.boot.library.path" value="C:\Program Files\Java\jdk1.8.0_77\jre\bin" />
    <property name="ant.project.default-target" value="build" />
    <property name="ant.project.name" value="SBAONE-PRODUCTION-TEST" />
    <property name="java.version" value="1.8.0_77" />
    <property name="env.PROCESSOR_IDENTIFIER" value="Intel64 Family 6 Model 61 Stepping 4, GenuineIntel" />
    <property name="user.timezone" value="" />
    <property name="env.TEMP" value="C:\Users\DERECN~1\AppData\Local\Temp" />
    <property name="sun.arch.data.model" value="64" />
    <property name="java.endorsed.dirs" value="C:\Program Files\Java\jdk1.8.0_77\jre\lib\endorsed" />
    <property name="env.VSEDEFLOGDIR" value="C:\ProgramData\McAfee\DesktopProtection" />
    <property name="env._JAVACMD" value="C:\Program Files\Java\jdk1.8.0_77\bin\java.exe" />
    <property name="sun.cpu.isalist" value="amd64" />
    <property name="env.HOMEDRIVE" value="C:" />
    <property name="sun.jnu.encoding" value="Cp1252" />
    <property name="file.encoding.pkg" value="sun.io" />
    <property name="ECLIPSE_HOME" value="../../Users/Derec Nguni/Downloads/eclipse-dsl-mars-2-win32-x86_64/eclipse/" />
    <property name="file.separator" value="\" />
    <property name="java.specification.name" value="Java Platform API Specification" />
    <property name="java.class.version" value="52.0" />
    <property name="user.country" value="US" />
    <property name="java.home" value="C:\Program Files\Java\jdk1.8.0_77\jre" />
    <property name="env.PSModulePath" value="C:\Windows\system32\WindowsPowerShell\v1.0\Modules\" />
    <property name="env.APPDATA" value="C:\Users\Derec Nguni\AppData\Roaming" />
    <property name="env.PUBLIC" value="C:\Users\Public" />
    <property name="env.windows_tracing_logfile" value="C:\BVTBin\Tests\installpackage\csilogfile.log" />
    <property name="java.vm.info" value="mixed mode" />
    <property name="env.ComSpec" value="C:\Windows\system32\cmd.exe" />
    <property name="env.OS" value="Windows_NT" />
    <property name="env.CommonProgramFiles" value="C:\Program Files\Common Files" />
    <property name="ant.file" value="C:\SBA-AUTOMATION-TEST\SBAONE-PRODUCTION-TEST\build.xml" />
    <property name="os.version" value="6.1" />
    <property name="env.ProgramW6432" value="C:\Program Files" />
    <property name="env._USE_CLASSPATH" value="no" />
    <property name="env.=::" value="::\" />
    <property name="path.separator" value=";" />
    <property name="java.vm.version" value="25.77-b03" />
    <property name="user.variant" value="" />
    <property name="env.USERPROFILE" value="C:\Users\Derec Nguni" />
    <property name="ant.library.dir" value="C:\apache-ant-1.9.6\lib" />
    <property name="ant.file.SBAONE-PRODUCTION-TEST" value="C:\SBA-AUTOMATION-TEST\SBAONE-PRODUCTION-TEST\build.xml" />
    <property name="junit.output.dir" value="junit" />
    <property name="env.JAVA_HOME" value="C:\Program Files\Java\jdk1.8.0_77" />
    <property name="java.awt.printerjob" value="sun.awt.windows.WPrinterJob" />
    <property name="env.TMP" value="C:\Users\DERECN~1\AppData\Local\Temp" />
    <property name="sun.io.unicode.encoding" value="UnicodeLittle" />
    <property name="awt.toolkit" value="sun.awt.windows.WToolkit" />
    <property name="sun.stdout.encoding" value="cp437" />
    <property name="user.script" value="" />
    <property name="user.home" value="C:\Users\Derec Nguni" />
    <property name="target" value="1.8" />
    <property name="env.ProgramData" value="C:\ProgramData" />
    <property name="env.SESSIONNAME" value="Console" />
    <property name="env.ProgramFiles(x86)" value="C:\Program Files (x86)" />
    <property name="java.specification.vendor" value="Oracle Corporation" />
    <property name="env.NUMBER_OF_PROCESSORS" value="4" />
    <property name="java.library.path" value="C:\Program Files\Java\jdk1.8.0_77\jre\bin;C:\Windows\Sun\Java\bin;C:\Windows\system32;C:\Windows;C:\ProgramData\Oracle\Java\javapath;C:\Program Files (x86)\Intel\iCLS Client\;C:\Program Files\Intel\iCLS Client\;C:\Windows\system32;C:\Windows;C:\Windows\System32\Wbem;C:\Windows\System32\WindowsPowerShell\v1.0\;C:\Program Files\Intel\WiFi\bin\;C:\Program Files\Common Files\Intel\WirelessCommon\;C:\Program Files\Intel\Intel(R) Management Engine Components\DAL;C:\Program Files (x86)\Intel\Intel(R) Management Engine Components\DAL;C:\Program Files\Intel\Intel(R) Management Engine Components\IPT;C:\Program Files (x86)\Intel\Intel(R) Management Engine Components\IPT;C:\Program Files\Java\jdk1.8.0_77\bin;C:\Users\Derec Nguni\Downloads\eclipse-committers-mars-2-win32-x86_64\eclipse\plugins\org.apache.ant_1.9.6.v201510161327\bin;C:\apache-maven-3.3.3\bin;C:\HashiCorp\Vagrant\bin;C:\Program Files\Amazon\AWSCLI\;c:\Program Files\Git\bin;C:\Program Files (x86)\GitExtensions\;." />
    <property name="java.vendor.url" value="http://java.oracle.com/" />
    <property name="java.vm.vendor" value="Oracle Corporation" />
    <property name="java.runtime.name" value="Java(TM) SE Runtime Environment" />
    <property name="ant.version" value="Apache Ant(TM) version 1.9.6 compiled on June 29 2015" />
    <property name="java.class.path" value="C:\SBA-AUTOMATION-TEST\SBAONE-PRODUCTION-TEST\bin;C:\SBA-AUTOMATION-TEST\SBAONE-PRODUCTION-TEST\libs\junit-4.10.jar;C:\SBA-AUTOMATION-TEST\SBAONE-PRODUCTION-TEST\libs\poi-3.11-20141221.jar;C:\SBA-AUTOMATION-TEST\SBAONE-PRODUCTION-TEST\libs\poi-examples-3.11-20141221.jar;C:\SBA-AUTOMATION-TEST\SBAONE-PRODUCTION-TEST\libs\poi-excelant-3.11-20141221.jar;C:\SBA-AUTOMATION-TEST\SBAONE-PRODUCTION-TEST\libs\poi-ooxml-3.11-20141221.jar;C:\SBA-AUTOMATION-TEST\SBAONE-PRODUCTION-TEST\libs\poi-ooxml-schemas-3.11-20141221.jar;C:\SBA-AUTOMATION-TEST\SBAONE-PRODUCTION-TEST\libs\poi-scratchpad-3.11-20141221.jar;C:\SBA-AUTOMATION-TEST\SBAONE-PRODUCTION-TEST\libs\selenium-java-2.53.0-srcs.jar;C:\SBA-AUTOMATION-TEST\SBAONE-PRODUCTION-TEST\libs\selenium-java-2.53.0.jar;C:\SBA-AUTOMATION-TEST\SBAONE-PRODUCTION-TEST\libs\selenium-server-standalone-2.53.0.jar;C:\apache-ant-1.9.6\lib\ant-launcher.jar;C:\apache-ant-1.9.6\lib\ant.jar;C:\apache-ant-1.9.6\lib\ant-junit.jar;C:\apache-ant-1.9.6\lib\ant-junit4.jar" />
    <property name="sun.java.command" value="org.apache.tools.ant.taskdefs.optional.junit.JUnitTestRunner all_production_test.US855_Improve_Text_Work_In_Progress_From_All_pages skipNonTests=false filtertrace=true haltOnError=false haltOnFailure=false formatter=org.apache.tools.ant.taskdefs.optional.junit.OutErrSummaryJUnitResultFormatter showoutput=false outputtoformatters=true logfailedtests=true threadid=0 logtestlistenerevents=false formatter=org.apache.tools.ant.taskdefs.optional.junit.XMLJUnitResultFormatter,C:\SBA-AUTOMATION-TEST\SBAONE-PRODUCTION-TEST\junit\TEST-all_production_test.US855_Improve_Text_Work_In_Progress_From_All_pages.xml crashfile=C:\SBA-AUTOMATION-TEST\SBAONE-PRODUCTION-TEST\junitvmwatcher337981546936204140.properties propsfile=C:\SBA-AUTOMATION-TEST\SBAONE-PRODUCTION-TEST\junit5588903401727868848.properties" />
    <property name="java.vm.specification.name" value="Java Virtual Machine Specification" />
    <property name="ant.file.type" value="file" />
    <property name="env.LOGONSERVER" value="\\TEST-PC" />
    <property name="env.windir" value="C:\Windows" />
    <property name="env.PROCESSOR_ARCHITECTURE" value="AMD64" />
    <property name="java.vm.specification.version" value="1.8" />
    <property name="sun.cpu.endian" value="little" />
    <property name="sun.os.patch.level" value="Service Pack 1" />
    <property name="debuglevel" value="source,lines,vars" />
    <property name="env.ProgramFiles" value="C:\Program Files" />
    <property name="env.ANT_HOME" value="C:\apache-ant-1.9.6" />
    <property name="java.io.tmpdir" value="C:\Users\DERECN~1\AppData\Local\Temp\" />
    <property name="env.PROCESSOR_REVISION" value="3d04" />
    <property name="env.CommonProgramFiles(x86)" value="C:\Program Files (x86)\Common Files" />
    <property name="ant.file.type.SBAONE-PRODUCTION-TEST" value="file" />
    <property name="java.vendor.url.bug" value="http://bugreport.sun.com/bugreport/" />
    <property name="env.SystemRoot" value="C:\Windows" />
    <property name="java.awt.graphicsenv" value="sun.awt.Win32GraphicsEnvironment" />
    <property name="env.ANT_CMD_LINE_ARGS" value=" build Am_I_Eligibles_Scenario_1_EDWOB_Success_Production Am_I_Eligible_TC1_Scenario8_WOSB_Production_Success Iteration11_A_B_C_and12_Production US649_EDWOSB_Other_Real_State_Production &quot;US788_Collapse_Navigation_Pane_Corp_EDWOSB (1)&quot; &quot;US788_Collapse_Navigation_Pane_LLC_WOSB (1)&quot; &quot;US855_Improve_Text_Work_In_Progress_From_All_pages (1)&quot; US861_SBA_Analyst_View_More_Info_About_Vendor &quot;US862_SBA_Analyst_Cloning_Sends_Certification_Back_to_Vendor (1)&quot; &quot;US870_STRETCH_WOSB_Self_Certifies_Add_Tax_Attachments (1)&quot; &quot;US880_User_Support_Passphrase_visible_when_creating_account_or_resetting_my_passphrase (1)&quot; &quot;US888_Registration_Activate_Submit_Button_use_dialog_for_error_messages (1)&quot; junitreport" />
    <property name="os.arch" value="amd64" />
    <property name="java.ext.dirs" value="C:\Program Files\Java\jdk1.8.0_77\jre\lib\ext;C:\Windows\Sun\Java\lib\ext" />
    <property name="env.LOCALAPPDATA" value="C:\Users\Derec Nguni\AppData\Local" />
    <property name="user.dir" value="C:\SBA-AUTOMATION-TEST\SBAONE-PRODUCTION-TEST" />
    <property name="env.MAVEN_HOME" value="C:\apache-maven-3.3.3" />
    <property name="line.separator" value="&#xd;&#xa;" />
    <property name="java.vm.name" value="Java HotSpot(TM) 64-Bit Server VM" />
    <property name="env.PATHEXT" value=".COM;.EXE;.BAT;.CMD;.VBS;.VBE;.JS;.JSE;.WSF;.WSH;.MSC" />
    <property name="env.Path" value="C:\ProgramData\Oracle\Java\javapath;C:\Program Files (x86)\Intel\iCLS Client\;C:\Program Files\Intel\iCLS Client\;C:\Windows\system32;C:\Windows;C:\Windows\System32\Wbem;C:\Windows\System32\WindowsPowerShell\v1.0\;C:\Program Files\Intel\WiFi\bin\;C:\Program Files\Common Files\Intel\WirelessCommon\;C:\Program Files\Intel\Intel(R) Management Engine Components\DAL;C:\Program Files (x86)\Intel\Intel(R) Management Engine Components\DAL;C:\Program Files\Intel\Intel(R) Management Engine Components\IPT;C:\Program Files (x86)\Intel\Intel(R) Management Engine Components\IPT;C:\Program Files\Java\jdk1.8.0_77\bin;C:\Users\Derec Nguni\Downloads\eclipse-committers-mars-2-win32-x86_64\eclipse\plugins\org.apache.ant_1.9.6.v201510161327\bin;C:\apache-maven-3.3.3\bin;C:\HashiCorp\Vagrant\bin;C:\Program Files\Amazon\AWSCLI\;c:\Program Files\Git\bin;C:\Program Files (x86)\GitExtensions\" />
    <property name="basedir" value="C:\SBA-AUTOMATION-TEST\SBAONE-PRODUCTION-TEST" />
    <property name="ant.java.version" value="1.8" />
    <property name="ant.core.lib" value="C:\apache-ant-1.9.6\lib\ant.jar" />
    <property name="env.USERNAME" value="Derec Nguni" />
    <property name="env.SystemDrive" value="C:" />
    <property name="source" value="1.8" />
    <property name="sun.stderr.encoding" value="cp437" />
    <property name="file.encoding" value="Cp1252" />
    <property name="env.USERDOMAIN" value="Test-PC" />
    <property name="java.specification.version" value="1.8" />
    <property name="env.=C:" value="C:\SBA-AUTOMATION-TEST\SBAONE-PRODUCTION-TEST" />
    <property name="ant.project.invoked-targets" value="build,Am_I_Eligibles_Scenario_1_EDWOB_Success_Production,Am_I_Eligible_TC1_Scenario8_WOSB_Production_Success,Iteration11_A_B_C_and12_Production,US649_EDWOSB_Other_Real_State_Production,US788_Collapse_Navigation_Pane_Corp_EDWOSB (1),US788_Collapse_Navigation_Pane_LLC_WOSB (1),US855_Improve_Text_Work_In_Progress_From_All_pages (1),US861_SBA_Analyst_View_More_Info_About_Vendor,US862_SBA_Analyst_Cloning_Sends_Certification_Back_to_Vendor (1),US870_STRETCH_WOSB_Self_Certifies_Add_Tax_Attachments (1),US880_User_Support_Passphrase_visible_when_creating_account_or_resetting_my_passphrase (1),US888_Registration_Activate_Submit_Button_use_dialog_for_error_messages (1),junitreport" />
    <property name="env.VBOX_MSI_INSTALL_PATH" value="C:\Program Files\Oracle\VirtualBox\" />
    <property name="env.PROCESSOR_LEVEL" value="6" />
  </properties>
  <testcase classname="all_production_test.US855_Improve_Text_Work_In_Progress_From_All_pages" name="US855_Improve_Text_Work_In_Progress_From_All_pages_MainTest" time="53.534">
    <error message="Element is not clickable at point (1106.5833740234375, 38). Other element would receive the click: &lt;div class=&quot;modal-fade-screen&quot;&gt;&lt;/div&gt;&#xa;Command duration or timeout: 69 milliseconds&#xa;Build info: version: &apos;2.53.0&apos;, revision: &apos;35ae25b&apos;, time: &apos;2016-03-15 16:57:40&apos;&#xa;System info: host: &apos;Test-PC&apos;, ip: &apos;192.168.56.1&apos;, os.name: &apos;Windows 7&apos;, os.arch: &apos;amd64&apos;, os.version: &apos;6.1&apos;, java.version: &apos;1.8.0_77&apos;&#xa;Driver info: org.openqa.selenium.firefox.FirefoxDriver&#xa;Capabilities [{applicationCacheEnabled=true, rotatable=false, handlesAlerts=true, databaseEnabled=true, version=45.0.2, platform=WINDOWS, nativeEvents=false, acceptSslCerts=true, webStorageEnabled=true, locationContextEnabled=true, browserName=firefox, takesScreenshot=true, javascriptEnabled=true, cssSelectorsEnabled=true}]&#xa;Session ID: f34c558b-46f5-49b2-9b12-5e2089baa1e3" type="org.openqa.selenium.WebDriverException">org.openqa.selenium.WebDriverException: Element is not clickable at point (1106.5833740234375, 38). Other element would receive the click: &lt;div class=&quot;modal-fade-screen&quot;&gt;&lt;/div&gt;
Command duration or timeout: 69 milliseconds
Build info: version: &apos;2.53.0&apos;, revision: &apos;35ae25b&apos;, time: &apos;2016-03-15 16:57:40&apos;
System info: host: &apos;Test-PC&apos;, ip: &apos;192.168.56.1&apos;, os.name: &apos;Windows 7&apos;, os.arch: &apos;amd64&apos;, os.version: &apos;6.1&apos;, java.version: &apos;1.8.0_77&apos;
Driver info: org.openqa.selenium.firefox.FirefoxDriver
Capabilities [{applicationCacheEnabled=true, rotatable=false, handlesAlerts=true, databaseEnabled=true, version=45.0.2, platform=WINDOWS, nativeEvents=false, acceptSslCerts=true, webStorageEnabled=true, locationContextEnabled=true, browserName=firefox, takesScreenshot=true, javascriptEnabled=true, cssSelectorsEnabled=true}]
Session ID: f34c558b-46f5-49b2-9b12-5e2089baa1e3
	at java.lang.reflect.Constructor.newInstance(Constructor.java:423)
	at org.openqa.selenium.remote.ErrorHandler.createThrowable(ErrorHandler.java:206)
	at org.openqa.selenium.remote.ErrorHandler.throwIfResponseFailed(ErrorHandler.java:158)
	at org.openqa.selenium.remote.RemoteWebDriver.execute(RemoteWebDriver.java:678)
	at org.openqa.selenium.remote.RemoteWebElement.execute(RemoteWebElement.java:327)
	at org.openqa.selenium.remote.RemoteWebElement.click(RemoteWebElement.java:85)
	at all_production_test.US855_Improve_Text_Work_In_Progress_From_All_pages.US855_Improve_Text_Work_In_Progress_From_All_pages_MainTest(US855_Improve_Text_Work_In_Progress_From_All_pages.java:152)
</error>
  </testcase>
  <system-out><![CDATA[Test 'If you don?t find what you need, visit SBA.gov' is updated on the landing page, Pass
Test 'Your experience is important to us. Please email us at  certify@sba.gov with comments or suggestions' is updated on the Am I Eligible page, Pass
Test 'Your experience is important to us. Please email us at  certify@sba.gov with comments or suggestions' is updated on the Create account page, Pass
Test 'Your experience is important to us. Please email us at  certify@sba.gov with comments or suggestions' is updated on the Login page, Pass
Test 'Your experience is important to us. Please email us at  certify@sba.gov with comments or suggestions' is updated on the Vendor dashboard, Pass
Successful sign in alert message not present
Test 'Your experience is important to us. Please email us at  certify@sba.gov with comments or suggestions' is updated on the Vendor dashboard, Pass
]]></system-out>
  <system-err><![CDATA[]]></system-err>
</testsuite>
