<?xml version="1.0" encoding="UTF-8" ?>
<testsuite errors="0" failures="0" hostname="Test-PC" name="regression_for_2_1_4_release.Am_I_Eligibles_Scenario_1_Possitive_Regression" skipped="0" tests="1" time="50.649" timestamp="2016-04-28T12:13:07">
  <properties>
    <property name="java.vendor" value="Oracle Corporation" />
    <property name="env.DEFLOGDIR" value="C:\ProgramData\McAfee\DesktopProtection" />
    <property name="sun.java.launcher" value="SUN_STANDARD" />
    <property name="sun.management.compiler" value="HotSpot 64-Bit Tiered Compilers" />
    <property name="env.UOIPME_REG_PATH" value="C:\Program Files\Intel Corporation\USB over IP" />
    <property name="env.PROMPT" value="$P$G" />
    <property name="os.name" value="Windows 7" />
    <property name="env.FP_NO_HOST_CHECK" value="NO" />
    <property name="sun.boot.class.path" value="C:\Program Files\Java\jdk1.8.0_77\jre\lib\resources.jar;C:\Program Files\Java\jdk1.8.0_77\jre\lib\rt.jar;C:\Program Files\Java\jdk1.8.0_77\jre\lib\sunrsasign.jar;C:\Program Files\Java\jdk1.8.0_77\jre\lib\jsse.jar;C:\Program Files\Java\jdk1.8.0_77\jre\lib\jce.jar;C:\Program Files\Java\jdk1.8.0_77\jre\lib\charsets.jar;C:\Program Files\Java\jdk1.8.0_77\jre\lib\jfr.jar;C:\Program Files\Java\jdk1.8.0_77\jre\classes" />
    <property name="env.COMPUTERNAME" value="TEST-PC" />
    <property name="env.CommonProgramW6432" value="C:\Program Files\Common Files" />
    <property name="env.ALLUSERSPROFILE" value="C:\ProgramData" />
    <property name="sun.desktop" value="windows" />
    <property name="java.vm.specification.vendor" value="Oracle Corporation" />
    <property name="ant.home" value="C:\apache-ant-1.9.6" />
    <property name="java.runtime.version" value="1.8.0_77-b03" />
    <property name="env.HOMEPATH" value="\Users\Derec Nguni" />
    <property name="user.name" value="Derec Nguni" />
    <property name="user.language" value="en" />
    <property name="env.windows_tracing_flags" value="3" />
    <property name="sun.boot.library.path" value="C:\Program Files\Java\jdk1.8.0_77\jre\bin" />
    <property name="ant.project.default-target" value="build" />
    <property name="ant.project.name" value="SBAONE-REGRESSION-TEST" />
    <property name="java.version" value="1.8.0_77" />
    <property name="env.PROCESSOR_IDENTIFIER" value="Intel64 Family 6 Model 61 Stepping 4, GenuineIntel" />
    <property name="user.timezone" value="" />
    <property name="env.MpConfig_ProductPath" value="C:\Program Files\Windows Defender" />
    <property name="env.TEMP" value="C:\Users\DERECN~1\AppData\Local\Temp" />
    <property name="sun.arch.data.model" value="64" />
    <property name="java.endorsed.dirs" value="C:\Program Files\Java\jdk1.8.0_77\jre\lib\endorsed" />
    <property name="env.VSEDEFLOGDIR" value="C:\ProgramData\McAfee\DesktopProtection" />
    <property name="env._JAVACMD" value="C:\Program Files\Java\jdk1.8.0_77\bin\java.exe" />
    <property name="sun.cpu.isalist" value="amd64" />
    <property name="env.HOMEDRIVE" value="C:" />
    <property name="sun.jnu.encoding" value="Cp1252" />
    <property name="file.encoding.pkg" value="sun.io" />
    <property name="ECLIPSE_HOME" value="../../Users/Derec Nguni/Downloads/eclipse-dsl-mars-2-win32-x86_64/eclipse/" />
    <property name="file.separator" value="\" />
    <property name="java.specification.name" value="Java Platform API Specification" />
    <property name="java.class.version" value="52.0" />
    <property name="user.country" value="US" />
    <property name="java.home" value="C:\Program Files\Java\jdk1.8.0_77\jre" />
    <property name="env.PSModulePath" value="C:\Windows\system32\WindowsPowerShell\v1.0\Modules\" />
    <property name="env.APPDATA" value="C:\Users\Derec Nguni\AppData\Roaming" />
    <property name="env.PUBLIC" value="C:\Users\Public" />
    <property name="env.windows_tracing_logfile" value="C:\BVTBin\Tests\installpackage\csilogfile.log" />
    <property name="java.vm.info" value="mixed mode" />
    <property name="env.ComSpec" value="C:\Windows\system32\cmd.exe" />
    <property name="env.OS" value="Windows_NT" />
    <property name="env.CommonProgramFiles" value="C:\Program Files\Common Files" />
    <property name="ant.file" value="C:\SBA-AUTOMATION-TEST\SBAONE-REGRESSION-TEST\build.xml" />
    <property name="os.version" value="6.1" />
    <property name="env.ProgramW6432" value="C:\Program Files" />
    <property name="env._USE_CLASSPATH" value="no" />
    <property name="env.=::" value="::\" />
    <property name="path.separator" value=";" />
    <property name="java.vm.version" value="25.77-b03" />
    <property name="user.variant" value="" />
    <property name="env.USERPROFILE" value="C:\Users\Derec Nguni" />
    <property name="env.MpConfig_ProductUserAppDataPath" value="C:\Users\Derec Nguni\AppData\Local\Microsoft\Windows Defender" />
    <property name="ant.library.dir" value="C:\apache-ant-1.9.6\lib" />
    <property name="junit.output.dir" value="junit" />
    <property name="env.JAVA_HOME" value="C:\Program Files\Java\jdk1.8.0_77" />
    <property name="java.awt.printerjob" value="sun.awt.windows.WPrinterJob" />
    <property name="env.TMP" value="C:\Users\DERECN~1\AppData\Local\Temp" />
    <property name="sun.io.unicode.encoding" value="UnicodeLittle" />
    <property name="awt.toolkit" value="sun.awt.windows.WToolkit" />
    <property name="sun.stdout.encoding" value="cp437" />
    <property name="ant.file.SBAONE-REGRESSION-TEST" value="C:\SBA-AUTOMATION-TEST\SBAONE-REGRESSION-TEST\build.xml" />
    <property name="user.script" value="" />
    <property name="user.home" value="C:\Users\Derec Nguni" />
    <property name="target" value="1.8" />
    <property name="env.ProgramData" value="C:\ProgramData" />
    <property name="env.ProgramFiles(x86)" value="C:\Program Files (x86)" />
    <property name="env.SESSIONNAME" value="Console" />
    <property name="java.specification.vendor" value="Oracle Corporation" />
    <property name="java.vendor.url" value="http://java.oracle.com/" />
    <property name="java.library.path" value="C:\Program Files\Java\jdk1.8.0_77\jre\bin;C:\Windows\Sun\Java\bin;C:\Windows\system32;C:\Windows;C:\Program Files\Sierra Wireless Inc\Skylight\;C:\Program Files\Sierra Wireless Inc\Common\;C:\ProgramData\Oracle\Java\javapath;C:\Program Files (x86)\Intel\iCLS Client\;C:\Program Files\Intel\iCLS Client\;C:\Windows\system32;C:\Windows;C:\Windows\System32\Wbem;C:\Windows\System32\WindowsPowerShell\v1.0\;C:\Program Files\Intel\WiFi\bin\;C:\Program Files\Common Files\Intel\WirelessCommon\;C:\Program Files\Intel\Intel(R) Management Engine Components\DAL;C:\Program Files (x86)\Intel\Intel(R) Management Engine Components\DAL;C:\Program Files\Intel\Intel(R) Management Engine Components\IPT;C:\Program Files (x86)\Intel\Intel(R) Management Engine Components\IPT;C:\Program Files\Java\jdk1.8.0_77\bin;C:\Users\Derec Nguni\Downloads\eclipse-committers-mars-2-win32-x86_64\eclipse\plugins\org.apache.ant_1.9.6.v201510161327\bin;C:\apache-maven-3.3.3\bin;C:\HashiCorp\Vagrant\bin;C:\Program Files\Amazon\AWSCLI\;c:\Program Files\Git\bin;C:\Program Files (x86)\GitExtensions\;." />
    <property name="env.NUMBER_OF_PROCESSORS" value="4" />
    <property name="java.vm.vendor" value="Oracle Corporation" />
    <property name="env.MpConfig_ReportingGUID" value="48557217-9AB5-44E1-A897-A4B55D54487D" />
    <property name="java.runtime.name" value="Java(TM) SE Runtime Environment" />
    <property name="java.class.path" value="C:\SBA-AUTOMATION-TEST\SBAONE-REGRESSION-TEST\bin;C:\SBA-AUTOMATION-TEST\SBAONE-REGRESSION-TEST\libs\poi-3.11-20141221.jar;C:\SBA-AUTOMATION-TEST\SBAONE-REGRESSION-TEST\libs\poi-examples-3.11-20141221.jar;C:\SBA-AUTOMATION-TEST\SBAONE-REGRESSION-TEST\libs\poi-excelant-3.11-20141221.jar;C:\SBA-AUTOMATION-TEST\SBAONE-REGRESSION-TEST\libs\poi-ooxml-3.11-20141221.jar;C:\SBA-AUTOMATION-TEST\SBAONE-REGRESSION-TEST\libs\poi-ooxml-schemas-3.11-20141221.jar;C:\SBA-AUTOMATION-TEST\SBAONE-REGRESSION-TEST\libs\poi-scratchpad-3.11-20141221.jar;C:\SBA-AUTOMATION-TEST\SBAONE-REGRESSION-TEST\libs\selenium-java-2.53.0-srcs.jar;C:\SBA-AUTOMATION-TEST\SBAONE-REGRESSION-TEST\libs\selenium-java-2.53.0.jar;C:\SBA-AUTOMATION-TEST\SBAONE-REGRESSION-TEST\libs\selenium-server-standalone-2.53.0.jar;C:\SBA-AUTOMATION-TEST\SBAONE-REGRESSION-TEST\libs\junit-4.10.jar;C:\apache-ant-1.9.6\lib\ant-launcher.jar;C:\apache-ant-1.9.6\lib\ant.jar;C:\apache-ant-1.9.6\lib\ant-junit.jar;C:\apache-ant-1.9.6\lib\ant-junit4.jar" />
    <property name="sun.java.command" value="org.apache.tools.ant.taskdefs.optional.junit.JUnitTestRunner regression_for_2_1_4_release.Am_I_Eligibles_Scenario_1_Possitive_Regression skipNonTests=false filtertrace=true haltOnError=false haltOnFailure=false formatter=org.apache.tools.ant.taskdefs.optional.junit.OutErrSummaryJUnitResultFormatter showoutput=false outputtoformatters=true logfailedtests=true threadid=0 logtestlistenerevents=false formatter=org.apache.tools.ant.taskdefs.optional.junit.XMLJUnitResultFormatter,C:\SBA-AUTOMATION-TEST\SBAONE-REGRESSION-TEST\junit\TEST-regression_for_2_1_4_release.Am_I_Eligibles_Scenario_1_Possitive_Regression.xml crashfile=C:\SBA-AUTOMATION-TEST\SBAONE-REGRESSION-TEST\junitvmwatcher8756689033026479292.properties propsfile=C:\SBA-AUTOMATION-TEST\SBAONE-REGRESSION-TEST\junit1953465166035963191.properties" />
    <property name="ant.version" value="Apache Ant(TM) version 1.9.6 compiled on June 29 2015" />
    <property name="java.vm.specification.name" value="Java Virtual Machine Specification" />
    <property name="ant.file.type" value="file" />
    <property name="env.LOGONSERVER" value="\\TEST-PC" />
    <property name="env.windir" value="C:\Windows" />
    <property name="java.vm.specification.version" value="1.8" />
    <property name="env.PROCESSOR_ARCHITECTURE" value="AMD64" />
    <property name="sun.os.patch.level" value="Service Pack 1" />
    <property name="sun.cpu.endian" value="little" />
    <property name="debuglevel" value="source,lines,vars" />
    <property name="env.ProgramFiles" value="C:\Program Files" />
    <property name="env.ANT_HOME" value="C:\apache-ant-1.9.6" />
    <property name="java.io.tmpdir" value="C:\Users\DERECN~1\AppData\Local\Temp\" />
    <property name="env.PROCESSOR_REVISION" value="3d04" />
    <property name="env.CommonProgramFiles(x86)" value="C:\Program Files (x86)\Common Files" />
    <property name="env.MpConfig_ProductAppDataPath" value="C:\ProgramData\Microsoft\Windows Defender" />
    <property name="java.vendor.url.bug" value="http://bugreport.sun.com/bugreport/" />
    <property name="env.SystemRoot" value="C:\Windows" />
    <property name="os.arch" value="amd64" />
    <property name="env.ANT_CMD_LINE_ARGS" value=" build Am_I_Eligible_Scenario11_Regression Regression_Test_Iteration11_A_B_C Am_I_Eligible_Csenario2_Regression Am_I_Eligible_Csenario2_Regression Am_I_Eligible_Scenario10_Regression Am_I_Eligible_Scenario3_Regression Am_I_Eligible_Scenario4_Regression Am_I_Eligible_Scenario5_Regression Am_I_Eligible_Scenario6_Regression Am_I_Eligible_Scenario7_Regression Am_I_Eligible_TC1_Scenario8_WOSB_Regression_Success Am_I_Eligibles_Scenario_1_Possitive_Regression Analyst_search_View_vendors_Record_Regression Edith_Password_Regression_Test Edith_Password2_Regression_Test EDWASB_Prepare_for_Self_Certification_Regression Eight_A_Self_Certify_Answer_Question_and_Attached_Documents_US438_Regression Login_Regression_Test_setup Rgression_Test_for_Iteration_10_11 US402_EDWOSB_Self_Certifies_Questionnaire_Regression US752_IAM_Configure_SBA_Analyst_Roles_Regression US788_Collapse_Navigation_Pane_Corp_EDWOSB US788_Collapse_Navigation_Pane_LLC_WOSB US799_New_landing_dashboard_and_login_page_styles_Regression US859_Vendor_Admin_User_Profile US855_Improve_Text_Work_In_Progress_From_All_pages US861_SBA_Analyst_View_More_Info_About_Vendor_Regression US862_SBA_Analyst_Cloning_Sends_Certification_Back_to_Vendor US880_User_Support_Passphrase_visible_when_creating_account_or_resetting_my_passphrase US888_Registration_Activate_Submit_Button_use_dialog_for_error_messages US633_EDWOSB_No_Self_CertifiesApplicant_RealEstate_Primary_Residence_FM_Regression EDWOSB_Other_Real_State_US649_FM_Regression EDWOSB_Self_Certifiesand_the_Life_Insurance_Section_US620 junitreport" />
    <property name="java.awt.graphicsenv" value="sun.awt.Win32GraphicsEnvironment" />
    <property name="java.ext.dirs" value="C:\Program Files\Java\jdk1.8.0_77\jre\lib\ext;C:\Windows\Sun\Java\lib\ext" />
    <property name="ant.file.type.SBAONE-REGRESSION-TEST" value="file" />
    <property name="user.dir" value="C:\SBA-AUTOMATION-TEST\SBAONE-REGRESSION-TEST" />
    <property name="env.MAVEN_HOME" value="C:\apache-maven-3.3.3" />
    <property name="env.LOCALAPPDATA" value="C:\Users\Derec Nguni\AppData\Local" />
    <property name="line.separator" value="&#xd;&#xa;" />
    <property name="java.vm.name" value="Java HotSpot(TM) 64-Bit Server VM" />
    <property name="env.PATHEXT" value=".COM;.EXE;.BAT;.CMD;.VBS;.VBE;.JS;.JSE;.WSF;.WSH;.MSC" />
    <property name="env.Path" value="C:\Program Files\Sierra Wireless Inc\Skylight\;C:\Program Files\Sierra Wireless Inc\Common\;C:\ProgramData\Oracle\Java\javapath;C:\Program Files (x86)\Intel\iCLS Client\;C:\Program Files\Intel\iCLS Client\;C:\Windows\system32;C:\Windows;C:\Windows\System32\Wbem;C:\Windows\System32\WindowsPowerShell\v1.0\;C:\Program Files\Intel\WiFi\bin\;C:\Program Files\Common Files\Intel\WirelessCommon\;C:\Program Files\Intel\Intel(R) Management Engine Components\DAL;C:\Program Files (x86)\Intel\Intel(R) Management Engine Components\DAL;C:\Program Files\Intel\Intel(R) Management Engine Components\IPT;C:\Program Files (x86)\Intel\Intel(R) Management Engine Components\IPT;C:\Program Files\Java\jdk1.8.0_77\bin;C:\Users\Derec Nguni\Downloads\eclipse-committers-mars-2-win32-x86_64\eclipse\plugins\org.apache.ant_1.9.6.v201510161327\bin;C:\apache-maven-3.3.3\bin;C:\HashiCorp\Vagrant\bin;C:\Program Files\Amazon\AWSCLI\;c:\Program Files\Git\bin;C:\Program Files (x86)\GitExtensions\" />
    <property name="basedir" value="C:\SBA-AUTOMATION-TEST\SBAONE-REGRESSION-TEST" />
    <property name="ant.java.version" value="1.8" />
    <property name="ant.core.lib" value="C:\apache-ant-1.9.6\lib\ant.jar" />
    <property name="env.USERNAME" value="Derec Nguni" />
    <property name="env.SystemDrive" value="C:" />
    <property name="source" value="1.8" />
    <property name="sun.stderr.encoding" value="cp437" />
    <property name="file.encoding" value="Cp1252" />
    <property name="env.USERDOMAIN" value="Test-PC" />
    <property name="java.specification.version" value="1.8" />
    <property name="env.MpConfig_ProductCodeName" value="AntiSpyware" />
    <property name="env.=C:" value="C:\SBA-AUTOMATION-TEST\SBAONE-REGRESSION-TEST" />
    <property name="ant.project.invoked-targets" value="build,Am_I_Eligible_Scenario11_Regression,Regression_Test_Iteration11_A_B_C,Am_I_Eligible_Csenario2_Regression,Am_I_Eligible_Csenario2_Regression,Am_I_Eligible_Scenario10_Regression,Am_I_Eligible_Scenario3_Regression,Am_I_Eligible_Scenario4_Regression,Am_I_Eligible_Scenario5_Regression,Am_I_Eligible_Scenario6_Regression,Am_I_Eligible_Scenario7_Regression,Am_I_Eligible_TC1_Scenario8_WOSB_Regression_Success,Am_I_Eligibles_Scenario_1_Possitive_Regression,Analyst_search_View_vendors_Record_Regression,Edith_Password_Regression_Test,Edith_Password2_Regression_Test,EDWASB_Prepare_for_Self_Certification_Regression,Eight_A_Self_Certify_Answer_Question_and_Attached_Documents_US438_Regression,Login_Regression_Test_setup,Rgression_Test_for_Iteration_10_11,US402_EDWOSB_Self_Certifies_Questionnaire_Regression,US752_IAM_Configure_SBA_Analyst_Roles_Regression,US788_Collapse_Navigation_Pane_Corp_EDWOSB,US788_Collapse_Navigation_Pane_LLC_WOSB,US799_New_landing_dashboard_and_login_page_styles_Regression,US859_Vendor_Admin_User_Profile,US855_Improve_Text_Work_In_Progress_From_All_pages,US861_SBA_Analyst_View_More_Info_About_Vendor_Regression,US862_SBA_Analyst_Cloning_Sends_Certification_Back_to_Vendor,US880_User_Support_Passphrase_visible_when_creating_account_or_resetting_my_passphrase,US888_Registration_Activate_Submit_Button_use_dialog_for_error_messages,US633_EDWOSB_No_Self_CertifiesApplicant_RealEstate_Primary_Residence_FM_Regression,EDWOSB_Other_Real_State_US649_FM_Regression,EDWOSB_Self_Certifiesand_the_Life_Insurance_Section_US620,junitreport" />
    <property name="env.VBOX_MSI_INSTALL_PATH" value="C:\Program Files\Oracle\VirtualBox\" />
    <property name="env.PROCESSOR_LEVEL" value="6" />
  </properties>
  <testcase classname="regression_for_2_1_4_release.Am_I_Eligibles_Scenario_1_Possitive_Regression" name="AM_I_Eligible_maintest" time="50.591" />
  <system-out><![CDATA[-Test script 1, Scenario 1: User should be eligible for the WOSB program 
Text present, home page validated step 1 and 2 pass
Introduction page of SBA Women-Owned Small Business Requirement not validated
-Question one
Are you a US Citizen?
Yes
No
Details
A Citizen means a person born or naturalized in the United States. Resident ailens and holders of permanent visas are not considered to be citizens. 13 C.F.R. 127.102
A Citizen means a person born or naturalized in the United States. Resident ailens and holders of permanent visas are not considered to be citizens. 13 C.F.R. 127.102
-Question two
Do you and/or other women own and control at least 51% of the business?
Yes
No
Details
To qualify for the WOSB Program, one or more women mustunconditionally and directly own and controlat least 51 percent of the business and be U.S. citizen(s).

In general, the 51 percentownershipmay not be through another business entity or trusts (including stock ownership plan), executory agreements, or other arrangements that cause or potentially cause ownership benefits to go to another. See 13 C.F.R. 127.201 for additional information.

Controlby one or more women means that both the long-term decision making and the day-to-day management and administration of the business operations are controlled by women. See 13 C.F.R. 127.202 for additional information.
To qualify for the WOSB Program, one or more women mustunconditionally and directly own and controlat least 51 percent of the business and be U.S. citizen(s).

In general, the 51 percentownershipmay not be through another business entity or trusts (including stock ownership plan), executory agreements, or other arrangements that cause or potentially cause ownership benefits to go to another. See 13 C.F.R. 127.201 for additional information.

Controlby one or more women means that both the long-term decision making and the day-to-day management and administration of the business operations are controlled by women. See 13 C.F.R. 127.202 for additional information.
-Question Three
Enter the NAICS Code in which your business operates
Details
The federal government may restrict competition under the WOSB Program only in certain industries. 13 C.F.R. 127.500. SBA has designated those industries applicable to the WOSB Program by North American Industry Classification System (NAICS) code. If a contract is not assigned one of those designated NAICS codes, the contract cannot be set-aside under the WOSB Program.

The most recent list of NAICS codes applicable to the WOSB Program can be found at SBA’s website atSBA.gov/WOSB

If you do not know the NAICS code(s) in which your business operates, please review the NAICS manual available athttp://www.census.gov
The federal government may restrict competition under the WOSB Program only in certain industries. 13 C.F.R. 127.500. SBA has designated those industries applicable to the WOSB Program by North American Industry Classification System (NAICS) code. If a contract is not assigned one of those designated NAICS codes, the contract cannot be set-aside under the WOSB Program.

The most recent list of NAICS codes applicable to the WOSB Program can be found at SBA’s website atSBA.gov/WOSB

If you do not know the NAICS code(s) in which your business operates, please review the NAICS manual available athttp://www.census.gov
-Question Four
Are you economically disadvantaged?
Yes
No
Details
To qualify as an EDWOSB, a business must be at least 51 percent owned by one or more womenwho are economically disadvantaged. The determination of whether a woman iseconomically disadvantagedrequires an evaluation of her total assets, her net worth, and her personal income for the past three years. To be considered an economically disadvantaged woman, the woman must meet all three of the thresholds described below:

The woman's total assets must be valued at less than $6M. This calculation is based on the fair market value of all assets, including the woman’s primary residence and the value of the business concern. However, the calculation excludes funds invested in an Individual Retirement Account or other official retirement account that are unavailable until retirement age without a significant penalty.

The woman’s net worth must be less than $750K. This calculation excludes the woman’s ownership interest in the concern and her equity interest in her primary personal residence.

The woman’s personal income must be less than $350K. This calculation is based on the woman’s annual adjusted gross income averaged over the last three years.
To qualify as an EDWOSB, a business must be at least 51 percent owned by one or more womenwho are economically disadvantaged. The determination of whether a woman iseconomically disadvantagedrequires an evaluation of her total assets, her net worth, and her personal income for the past three years. To be considered an economically disadvantaged woman, the woman must meet all three of the thresholds described below:

The woman's total assets must be valued at less than $6M. This calculation is based on the fair market value of all assets, including the woman’s primary residence and the value of the business concern. However, the calculation excludes funds invested in an Individual Retirement Account or other official retirement account that are unavailable until retirement age without a significant penalty.

The woman’s net worth must be less than $750K. This calculation excludes the woman’s ownership interest in the concern and her equity interest in her primary personal residence.

The woman’s personal income must be less than $350K. This calculation is based on the woman’s annual adjusted gross income averaged over the last three years.
Test Pass at this point
Please enter 6 digit NAICS code
Negative test validated
Am I Eligible?
Based on your answers, you may be eligible for:
Women-Owned Small Business
The NAICS code entered does not appear on the list of designated industries in which WOSB Program set-asides are authorized. As such, be advised that federal contracts currently cannot be set-aside under the WOSB Program in this industry. However, this does not preclude you from certifying as a WOSB or EDWOSB if you meet the requirements of the WOSB Program.
Am I Eligible?
Based on your answers, you may not be eligible for:
Economically Disadvantaged Women-Owned Small Business

    Possible reason(s) for ineligibility:
You indicated that you are not considered economically disadvantaged
For more information, please contact the SBAWOSB Program Office or the SBASBA Women's Business Center
Click on your business type below to view a checklist of the documents you may need to submit:
Women-Owned Small Business (WOSB)
LLC
Partnership Agreement
Sole Proprietorship
Corporation or S Corporation
]]></system-out>
  <system-err><![CDATA[]]></system-err>
</testsuite>
